Unity Editor version:    2022.3.10f1 (ff3792e53c62)
Branch:                  2022.3/staging
Build type:              Release
Batch mode:              YES
macOS version:           Version 13.2.1 (Build 22D68)
Darwin version:          22.3.0
Architecture:            x86_64
Running under Rosetta:   NO
Available memory:        65536 MB
Using pre-set license
Pro License: YES

COMMAND LINE ARGUMENTS:
/Applications/Unity/Hub/Editor/2022.3.10f1/Unity.app/Contents/MacOS/Unity
-adb2
-batchMode
-noUpm
-name
AssetImportWorker8
-projectPath
/Users/roman/Projects/Unity/City
-logFile
Logs/AssetImportWorker8.log
-srvPort
64898
Successfully changed project path to: /Users/roman/Projects/Unity/City
/Users/roman/Projects/Unity/City
[UnityMemory] Configuration Parameters - Can be set up in boot.config
    "memorysetup-bucket-allocator-granularity=16"
    "memorysetup-bucket-allocator-bucket-count=8"
    "memorysetup-bucket-allocator-block-size=33554432"
    "memorysetup-bucket-allocator-block-count=8"
    "memorysetup-main-allocator-block-size=16777216"
    "memorysetup-thread-allocator-block-size=16777216"
    "memorysetup-gfx-main-allocator-block-size=16777216"
    "memorysetup-gfx-thread-allocator-block-size=16777216"
    "memorysetup-cache-allocator-block-size=4194304"
    "memorysetup-typetree-allocator-block-size=2097152"
    "memorysetup-profiler-bucket-allocator-granularity=16"
    "memorysetup-profiler-bucket-allocator-bucket-count=8"
    "memorysetup-profiler-bucket-allocator-block-size=33554432"
    "memorysetup-profiler-bucket-allocator-block-count=8"
    "memorysetup-profiler-allocator-block-size=16777216"
    "memorysetup-profiler-editor-allocator-block-size=1048576"
    "memorysetup-temp-allocator-size-main=16777216"
    "memorysetup-job-temp-allocator-block-size=2097152"
    "memorysetup-job-temp-allocator-block-size-background=1048576"
    "memorysetup-job-temp-allocator-reduction-small-platforms=262144"
    "memorysetup-allocator-temp-initial-block-size-main=262144"
    "memorysetup-allocator-temp-initial-block-size-worker=262144"
    "memorysetup-temp-allocator-size-background-worker=32768"
    "memorysetup-temp-allocator-size-job-worker=262144"
    "memorysetup-temp-allocator-size-preload-manager=33554432"
    "memorysetup-temp-allocator-size-nav-mesh-worker=65536"
    "memorysetup-temp-allocator-size-audio-worker=65536"
    "memorysetup-temp-allocator-size-cloud-worker=32768"
    "memorysetup-temp-allocator-size-gi-baking-worker=262144"
    "memorysetup-temp-allocator-size-gfx=262144"
Player connection [140704687244928] Host "[IP] 192.168.21.202 [Port] 0 [Flags] 2 [Guid] 407095418 [EditorId] 407095418 [Version] 1048832 [Id] OSXEditor(0,ic-mbp-xix.lan) [Debug] 1 [PackageName] OSXEditor [ProjectName] Editor" joined multi-casting on [225.0.0.222:54997]...

Player connection [140704687244928] Host "[IP] 192.168.21.202 [Port] 0 [Flags] 2 [Guid] 407095418 [EditorId] 407095418 [Version] 1048832 [Id] OSXEditor(0,ic-mbp-xix.lan) [Debug] 1 [PackageName] OSXEditor [ProjectName] Editor" joined alternative multi-casting on [225.0.0.222:34997]...

[Physics::Module] Initialized MultithreadedJobDispatcher with 15 workers.
Refreshing native plugins compatible for Editor in 3.78 ms, found 2 plugins.
Preloading 0 native plugins for Editor in 0.00 ms.
Initialize engine version: 2022.3.10f1 (ff3792e53c62)
[Subsystems] Discovering subsystems at path /Applications/Unity/Hub/Editor/2022.3.10f1/Unity.app/Contents/Resources/UnitySubsystems
[Subsystems] Discovering subsystems at path /Users/roman/Projects/Unity/City/Assets
GfxDevice: creating device client; threaded=0; jobified=0
Color LCD preferred device: AMD Radeon Pro 5500M (high power)
Metal devices available: 2
0: AMD Radeon Pro 5500M (high power)
1: Intel(R) UHD Graphics 630 (low power)
Using device AMD Radeon Pro 5500M (high power)
Initializing Metal device caps: AMD Radeon Pro 5500M
Initialize mono
Mono path[0] = '/Applications/Unity/Hub/Editor/2022.3.10f1/Unity.app/Contents/Managed'
Mono path[1] = '/Applications/Unity/Hub/Editor/2022.3.10f1/Unity.app/Contents/MonoBleedingEdge/lib/mono/unityjit-macos'
Mono config path = '/Applications/Unity/Hub/Editor/2022.3.10f1/Unity.app/Contents/MonoBleedingEdge/etc'
Using monoOptions --debugger-agent=transport=dt_socket,embedding=1,server=y,suspend=n,address=127.0.0.1:56513
Begin MonoManager ReloadAssembly
Registering precompiled unity dll's ...
Register platform support module: /Applications/Unity/Hub/Editor/2022.3.10f1/Unity.app/Contents/PlaybackEngines/MacStandaloneSupport/UnityEditor.OSXStandalone.Extensions.dll
Registered in 0.001651 seconds.
- Loaded All Assemblies, in  0.417 seconds
Native extension for OSXStandalone target not found
Mono: successfully reloaded assembly
- Finished resetting the current domain, in  0.335 seconds
Domain Reload Profiling: 753ms
	BeginReloadAssembly (109ms)
		ExecutionOrderSort (0ms)
		DisableScriptedObjects (0ms)
		BackupInstance (0ms)
		ReleaseScriptingObjects (0ms)
		CreateAndSetChildDomain (1ms)
	RebuildCommonClasses (48ms)
	RebuildNativeTypeToScriptingClass (14ms)
	initialDomainReloadingComplete (62ms)
	LoadAllAssembliesAndSetupDomain (184ms)
		LoadAssemblies (108ms)
		RebuildTransferFunctionScriptingTraits (0ms)
		AnalyzeDomain (182ms)
			TypeCache.Refresh (180ms)
				TypeCache.ScanAssembly (163ms)
			ScanForSourceGeneratedMonoScriptInfo (0ms)
			ResolveRequiredComponents (1ms)
	FinalizeReload (336ms)
		ReleaseScriptCaches (0ms)
		RebuildScriptCaches (0ms)
		SetupLoadedEditorAssemblies (254ms)
			LogAssemblyErrors (0ms)
			InitializePlatformSupportModulesInManaged (9ms)
			SetLoadedEditorAssemblies (10ms)
			RefreshPlugins (0ms)
			BeforeProcessingInitializeOnLoad (3ms)
			ProcessInitializeOnLoadAttributes (172ms)
			ProcessInitializeOnLoadMethodAttributes (60ms)
			AfterProcessingInitializeOnLoad (0ms)
			EditorAssembliesLoaded (0ms)
		ExecutionOrderSort2 (0ms)
		AwakeInstancesAfterBackupRestoration (0ms)
========================================================================
Worker process is ready to serve import requests
Begin MonoManager ReloadAssembly
- Loaded All Assemblies, in  0.713 seconds
Refreshing native plugins compatible for Editor in 1.22 ms, found 2 plugins.
Native extension for OSXStandalone target not found
Package Manager log level set to [2]
[Package Manager] Server::EnsureServerProcessIsRunning -- launch failed, reason: Unity was launched with the -noUpm command-line argument
[Package Manager] UpmClient::Send -- Unable to send message (not connected to UPM process).
[Package Manager] Cannot connect to Unity Package Manager local server
Mono: successfully reloaded assembly
- Finished resetting the current domain, in  1.006 seconds
Domain Reload Profiling: 1719ms
	BeginReloadAssembly (156ms)
		ExecutionOrderSort (0ms)
		DisableScriptedObjects (6ms)
		BackupInstance (0ms)
		ReleaseScriptingObjects (0ms)
		CreateAndSetChildDomain (29ms)
	RebuildCommonClasses (49ms)
	RebuildNativeTypeToScriptingClass (14ms)
	initialDomainReloadingComplete (49ms)
	LoadAllAssembliesAndSetupDomain (444ms)
		LoadAssemblies (289ms)
		RebuildTransferFunctionScriptingTraits (0ms)
		AnalyzeDomain (231ms)
			TypeCache.Refresh (205ms)
				TypeCache.ScanAssembly (188ms)
			ScanForSourceGeneratedMonoScriptInfo (16ms)
			ResolveRequiredComponents (6ms)
	FinalizeReload (1007ms)
		ReleaseScriptCaches (0ms)
		RebuildScriptCaches (0ms)
		SetupLoadedEditorAssemblies (795ms)
			LogAssemblyErrors (0ms)
			InitializePlatformSupportModulesInManaged (6ms)
			SetLoadedEditorAssemblies (6ms)
			RefreshPlugins (0ms)
			BeforeProcessingInitializeOnLoad (89ms)
			ProcessInitializeOnLoadAttributes (668ms)
			ProcessInitializeOnLoadMethodAttributes (25ms)
			AfterProcessingInitializeOnLoad (1ms)
			EditorAssembliesLoaded (0ms)
		ExecutionOrderSort2 (0ms)
		AwakeInstancesAfterBackupRestoration (5ms)
Launching external process: /Applications/Unity/Hub/Editor/2022.3.10f1/Unity.app/Contents/Tools/UnityShaderCompiler
Launched and connected shader compiler UnityShaderCompiler after 0.08 seconds
Refreshing native plugins compatible for Editor in 1.26 ms, found 2 plugins.
Preloading 0 native plugins for Editor in 0.00 ms.
Unloading 3087 Unused Serialized files (Serialized files now loaded: 0)
Unloading 31 unused Assets / (50.5 KB). Loaded Objects now: 3549.
Memory consumption went from 125.6 MB to 125.5 MB.
Total: 4.020032 ms (FindLiveObjects: 0.237749 ms CreateObjectMapping: 0.191643 ms MarkObjects: 3.481056 ms  DeleteObjects: 0.108395 ms)

AssetImportParameters requested are different than current active one (requested -> active):
  custom:scripting/monoscript/fileName/BuildingGeneratorBeaconManagerScript.cs: efe71e84a19fdfe61c387c3a36098247 -> 
  custom:scripting/monoscript/fileName/BuildGroundsManagerScript.cs: 95eb1332c1e115ff6b9cd14766bb33bb -> 
  custom:container-demuxer-ogg: 62fdf1f143b41e24485cea50d1cbac27 -> 
  custom:scripting/monoscript/fileName/BuildingGroundBeaconManagerScript.cs: eeb85064f3806f70266ba97c678eb7b7 -> 3a1acec4718915da98f83a498dcbb400
  custom:video-decoder-ogg-theora: a1e56fd34408186e4bbccfd4996cb3dc -> 
  custom:CustomObjectIndexerAttribute: 756ad292c208cfabdd7b50bc23989ffe -> 
  custom:container-demuxer-webm: 4f35f7cbe854078d1ac9338744f61a02 -> 
  custom:scripting/monoscript/fileName/BuildingGeneratorBuildingScript.cs: 92d09e7300ccfef05c77fbe256fab959 -> 
  custom:container-muxer-webm: aa71ff27fc2769a1b78a27578f13a17b -> 
  custom:video-decoder-webm-vp8: 9c59270c3fd7afecdb556c50c9e8de78 -> 
  custom:SearchIndexIgnoredProperties: e643bd26f0fe6173181afceb89e7c659 -> 
  custom:AudioImporter_EditorPlatform: 3918e3fc78b5a79bad01e8451be0beb8 -> 
  custom:framework-osx-AVFoundation: e770b220cccbd017edd2c1fefb359320 -> 
  custom:video-encoder-webm-vp8: eb34c28f22e8b96e1ab97ce403110664 -> 
  custom:audio-decoder-ogg-vorbis: bf7c407c2cedff20999df2af8eb42d56 -> 
  custom:audio-encoder-webm-vorbis: bf7c407c2cedff20999df2af8eb42d56 -> 
  custom:scripting/monoscript/fileName/BuildingGroundScript.cs: a847d56554e645f7f805d1a1d747e5dd -> dda159bb2a987b8c759f3289fc0df9d6
========================================================================
Received Import Request.
  Time since last request: 85940.484865 seconds.
  path: Assets/3DModels/4_1.fbx
  artifactKey: Guid(dbbfb0c6566e2449b8542f1075c85aed) Importer(815301076,1909f56bfc062723c751e8b465ee728b)
Start importing Assets/3DModels/4_1.fbx using Guid(dbbfb0c6566e2449b8542f1075c85aed) Importer(815301076,1909f56bfc062723c751e8b465ee728b)  -> (artifact id: '09fed03749e1747f954b38a16619028f') in 0.307043 seconds
Number of updated asset objects reloaded before import = 0
Number of asset objects unloaded after import = 15
========================================================================
Received Import Request.
  Time since last request: 35.369863 seconds.
  path: Assets/Resources/Buildings/BuilingL2_2.prefab
  artifactKey: Guid(425ca4d05c53a4166bc8e8d1c72c9ac8) Importer(815301076,1909f56bfc062723c751e8b465ee728b)
Start importing Assets/Resources/Buildings/BuilingL2_2.prefab using Guid(425ca4d05c53a4166bc8e8d1c72c9ac8) Importer(815301076,1909f56bfc062723c751e8b465ee728b)  -> (artifact id: '3462287ad58384c767c5e11466d25e48') in 0.010528 seconds
Number of updated asset objects reloaded before import = 0
Number of asset objects unloaded after import = 101
========================================================================
Received Import Request.
  Time since last request: 33.637104 seconds.
  path: Assets/Resources/Buildings/BuildingL3_1.prefab
  artifactKey: Guid(5587d2822b6d943389735adca83eeaaf) Importer(815301076,1909f56bfc062723c751e8b465ee728b)
Start importing Assets/Resources/Buildings/BuildingL3_1.prefab using Guid(5587d2822b6d943389735adca83eeaaf) Importer(815301076,1909f56bfc062723c751e8b465ee728b)  -> (artifact id: '70d6e7c3eda1c915f85cfc581de14044') in 0.001757 seconds
Number of updated asset objects reloaded before import = 0
Number of asset objects unloaded after import = 4
========================================================================
Received Import Request.
  Time since last request: 25.992251 seconds.
  path: Assets/Resources/Buildings/BuildingL2_2.prefab
  artifactKey: Guid(425ca4d05c53a4166bc8e8d1c72c9ac8) Importer(815301076,1909f56bfc062723c751e8b465ee728b)
Start importing Assets/Resources/Buildings/BuildingL2_2.prefab using Guid(425ca4d05c53a4166bc8e8d1c72c9ac8) Importer(815301076,1909f56bfc062723c751e8b465ee728b)  -> (artifact id: '0ca8a9ad6b0e84eb8d9152cb8cfb008d') in 0.007959 seconds
Number of updated asset objects reloaded before import = 0
Number of asset objects unloaded after import = 101
========================================================================
Received Import Request.
  Time since last request: 16.746125 seconds.
  path: Assets/Resources/Buildings/BuildingL3_2.prefab
  artifactKey: Guid(bb64d8dcba3224a049c2d75f186f054a) Importer(815301076,1909f56bfc062723c751e8b465ee728b)
Start importing Assets/Resources/Buildings/BuildingL3_2.prefab using Guid(bb64d8dcba3224a049c2d75f186f054a) Importer(815301076,1909f56bfc062723c751e8b465ee728b)  -> (artifact id: '4ad7621d47b2094b96d0413d0e136e89') in 0.002024 seconds
Number of updated asset objects reloaded before import = 0
Number of asset objects unloaded after import = 4
========================================================================
Received Import Request.
  Time since last request: 40.002101 seconds.
  path: Assets/3DModels/3_1.fbx
  artifactKey: Guid(44d62c99807f14989b68f5e91a76a369) Importer(815301076,1909f56bfc062723c751e8b465ee728b)
Start importing Assets/3DModels/3_1.fbx using Guid(44d62c99807f14989b68f5e91a76a369) Importer(815301076,1909f56bfc062723c751e8b465ee728b)  -> (artifact id: '0ddad819abc0f32a2d44500554a7c21e') in 0.050546 seconds
Number of updated asset objects reloaded before import = 0
Number of asset objects unloaded after import = 22
========================================================================
Received Import Request.
  Time since last request: 33.504986 seconds.
  path: Assets/3DModels/3_1.fbx
  artifactKey: Guid(44d62c99807f14989b68f5e91a76a369) Importer(815301076,1909f56bfc062723c751e8b465ee728b)
Start importing Assets/3DModels/3_1.fbx using Guid(44d62c99807f14989b68f5e91a76a369) Importer(815301076,1909f56bfc062723c751e8b465ee728b)  -> (artifact id: '7a1289dd2fd7717373d173d0f217b38b') in 0.051481 seconds
Number of updated asset objects reloaded before import = 0
Number of asset objects unloaded after import = 22
========================================================================
Received Import Request.
  Time since last request: 14.983654 seconds.
  path: Assets/Resources/Buildings/BuildingL3_1.prefab
  artifactKey: Guid(5587d2822b6d943389735adca83eeaaf) Importer(815301076,1909f56bfc062723c751e8b465ee728b)
Start importing Assets/Resources/Buildings/BuildingL3_1.prefab using Guid(5587d2822b6d943389735adca83eeaaf) Importer(815301076,1909f56bfc062723c751e8b465ee728b)  -> (artifact id: '9352dc0b71df5a550f30d86279f596fa') in 0.009648 seconds
Number of updated asset objects reloaded before import = 0
Number of asset objects unloaded after import = 38
========================================================================
Received Import Request.
  Time since last request: 52.727609 seconds.
  path: Assets/3DModels/3_5.fbx
  artifactKey: Guid(ed7df19fd327e4eb4b785b0aba8bcb35) Importer(815301076,1909f56bfc062723c751e8b465ee728b)
Start importing Assets/3DModels/3_5.fbx using Guid(ed7df19fd327e4eb4b785b0aba8bcb35) Importer(815301076,1909f56bfc062723c751e8b465ee728b)  -> (artifact id: 'e37ba50f70b7f83435cfe724c16ef37f') in 0.053647 seconds
Number of updated asset objects reloaded before import = 0
Number of asset objects unloaded after import = 22
========================================================================
Received Import Request.
  Time since last request: 15.786355 seconds.
  path: Assets/Resources/Buildings/BuildingL3_2.prefab
  artifactKey: Guid(bb64d8dcba3224a049c2d75f186f054a) Importer(815301076,1909f56bfc062723c751e8b465ee728b)
Start importing Assets/Resources/Buildings/BuildingL3_2.prefab using Guid(bb64d8dcba3224a049c2d75f186f054a) Importer(815301076,1909f56bfc062723c751e8b465ee728b)  -> (artifact id: '077e5d47020f1aad35d25fa63be9d979') in 0.008757 seconds
Number of updated asset objects reloaded before import = 0
Number of asset objects unloaded after import = 38
========================================================================
Received Import Request.
  Time since last request: 17.364344 seconds.
  path: Assets/Resources/Buildings/BuildingL3_5.prefab
  artifactKey: Guid(bb64d8dcba3224a049c2d75f186f054a) Importer(815301076,1909f56bfc062723c751e8b465ee728b)
Start importing Assets/Resources/Buildings/BuildingL3_5.prefab using Guid(bb64d8dcba3224a049c2d75f186f054a) Importer(815301076,1909f56bfc062723c751e8b465ee728b)  -> (artifact id: '5d3ab4cfca43a979da6aff778b2323ba') in 0.009800 seconds
Number of updated asset objects reloaded before import = 0
Number of asset objects unloaded after import = 38
========================================================================
Received Import Request.
  Time since last request: 33.342905 seconds.
  path: Assets/Resources/Buildings/BuildingL4_1.prefab
  artifactKey: Guid(645de61e5df6942f3b6d718ee6b7c504) Importer(815301076,1909f56bfc062723c751e8b465ee728b)
Start importing Assets/Resources/Buildings/BuildingL4_1.prefab using Guid(645de61e5df6942f3b6d718ee6b7c504) Importer(815301076,1909f56bfc062723c751e8b465ee728b)  -> (artifact id: '8e063903e58b85b3f0f5eca0eb1a0ace') in 0.001831 seconds
Number of updated asset objects reloaded before import = 0
Number of asset objects unloaded after import = 4
========================================================================
Received Import Request.
  Time since last request: 75.189771 seconds.
  path: Assets/3DModels/4_1.fbx
  artifactKey: Guid(dbbfb0c6566e2449b8542f1075c85aed) Importer(815301076,1909f56bfc062723c751e8b465ee728b)
Start importing Assets/3DModels/4_1.fbx using Guid(dbbfb0c6566e2449b8542f1075c85aed) Importer(815301076,1909f56bfc062723c751e8b465ee728b)  -> (artifact id: '046389238d841d44377f03ed4f61251a') in 0.045346 seconds
Number of updated asset objects reloaded before import = 0
Number of asset objects unloaded after import = 15
========================================================================
Received Import Request.
  Time since last request: 120.539975 seconds.
  path: Assets/Road_Generation/Road.prefab
  artifactKey: Guid(7e8447253a9a8452aa6c69a6cd0bad7c) Importer(815301076,1909f56bfc062723c751e8b465ee728b)
Start importing Assets/Road_Generation/Road.prefab using Guid(7e8447253a9a8452aa6c69a6cd0bad7c) Importer(815301076,1909f56bfc062723c751e8b465ee728b)  -> (artifact id: 'b8f336ec44721b30519e28624d143a51') in 0.009858 seconds
Number of updated asset objects reloaded before import = 0
Number of asset objects unloaded after import = 69
========================================================================
Received Import Request.
  Time since last request: 32.310150 seconds.
  path: Assets/Resources/Buildings/BuildingL4_1.prefab
  artifactKey: Guid(645de61e5df6942f3b6d718ee6b7c504) Importer(815301076,1909f56bfc062723c751e8b465ee728b)
Start importing Assets/Resources/Buildings/BuildingL4_1.prefab using Guid(645de61e5df6942f3b6d718ee6b7c504) Importer(815301076,1909f56bfc062723c751e8b465ee728b)  -> (artifact id: '7a83b144c7fbf7692f0f0a1910fe9d49') in 0.011166 seconds
Number of updated asset objects reloaded before import = 0
Number of asset objects unloaded after import = 27
========================================================================
Received Import Request.
  Time since last request: 11.749840 seconds.
  path: Assets/Building_Generation/BuildingGroundPrefab Variant.prefab
  artifactKey: Guid(2e5e07590575447a19654f2492173617) Importer(815301076,1909f56bfc062723c751e8b465ee728b)
Start importing Assets/Building_Generation/BuildingGroundPrefab Variant.prefab using Guid(2e5e07590575447a19654f2492173617) Importer(815301076,1909f56bfc062723c751e8b465ee728b)  -> (artifact id: '3dfd48bd849774dbf38d102407e6f0ef') in 0.008272 seconds
Number of updated asset objects reloaded before import = 0
Number of asset objects unloaded after import = 27
========================================================================
Received Import Request.
  Time since last request: 15.529197 seconds.
  path: Assets/Building_Generation/BuildingGroundPrefab4x4.prefab
  artifactKey: Guid(2e5e07590575447a19654f2492173617) Importer(815301076,1909f56bfc062723c751e8b465ee728b)
Start importing Assets/Building_Generation/BuildingGroundPrefab4x4.prefab using Guid(2e5e07590575447a19654f2492173617) Importer(815301076,1909f56bfc062723c751e8b465ee728b)  -> (artifact id: 'ee3e2aaabecdc48242106eb0fc67914e') in 0.006535 seconds
Number of updated asset objects reloaded before import = 0
Number of asset objects unloaded after import = 27
========================================================================
Received Import Request.
  Time since last request: 38.641339 seconds.
  path: Assets/Building_Generation/BuildingGroundPrefab4x4.prefab
  artifactKey: Guid(2e5e07590575447a19654f2492173617) Importer(815301076,1909f56bfc062723c751e8b465ee728b)
Start importing Assets/Building_Generation/BuildingGroundPrefab4x4.prefab using Guid(2e5e07590575447a19654f2492173617) Importer(815301076,1909f56bfc062723c751e8b465ee728b)  -> (artifact id: 'cfca2891c5caff567576ee64c15e3ec8') in 0.006819 seconds
Number of updated asset objects reloaded before import = 0
Number of asset objects unloaded after import = 27
========================================================================
Received Import Request.
  Time since last request: 2.810175 seconds.
  path: Assets/Building_Generation/BuildingGroundPrefab4x4.prefab
  artifactKey: Guid(2e5e07590575447a19654f2492173617) Importer(815301076,1909f56bfc062723c751e8b465ee728b)
Start importing Assets/Building_Generation/BuildingGroundPrefab4x4.prefab using Guid(2e5e07590575447a19654f2492173617) Importer(815301076,1909f56bfc062723c751e8b465ee728b)  -> (artifact id: 'ad0903e903a1382985c0947f62be4eb5') in 0.005892 seconds
Number of updated asset objects reloaded before import = 0
Number of asset objects unloaded after import = 27
========================================================================
Received Import Request.
  Time since last request: 2.621019 seconds.
  path: Assets/Building_Generation/BuildingGroundPrefab4x4.prefab
  artifactKey: Guid(2e5e07590575447a19654f2492173617) Importer(815301076,1909f56bfc062723c751e8b465ee728b)
Start importing Assets/Building_Generation/BuildingGroundPrefab4x4.prefab using Guid(2e5e07590575447a19654f2492173617) Importer(815301076,1909f56bfc062723c751e8b465ee728b)  -> (artifact id: 'ec4ddb254082a96cf02d8bd8db775cb6') in 0.006135 seconds
Number of updated asset objects reloaded before import = 0
Number of asset objects unloaded after import = 27
========================================================================
Received Import Request.
  Time since last request: 5.455662 seconds.
  path: Assets/Building_Generation/BuildingGroundPrefab4x4.prefab
  artifactKey: Guid(2e5e07590575447a19654f2492173617) Importer(815301076,1909f56bfc062723c751e8b465ee728b)
Start importing Assets/Building_Generation/BuildingGroundPrefab4x4.prefab using Guid(2e5e07590575447a19654f2492173617) Importer(815301076,1909f56bfc062723c751e8b465ee728b)  -> (artifact id: '8a19eb546d90dc1404d99a089af3a49d') in 0.005975 seconds
Number of updated asset objects reloaded before import = 0
Number of asset objects unloaded after import = 27
========================================================================
Received Import Request.
  Time since last request: 8.061161 seconds.
  path: Assets/Building_Generation/BuildingGroundPrefab4x4.prefab
  artifactKey: Guid(2e5e07590575447a19654f2492173617) Importer(815301076,1909f56bfc062723c751e8b465ee728b)
Start importing Assets/Building_Generation/BuildingGroundPrefab4x4.prefab using Guid(2e5e07590575447a19654f2492173617) Importer(815301076,1909f56bfc062723c751e8b465ee728b)  -> (artifact id: '87ee13a654a1e1b29b1501daa8ed1690') in 0.005842 seconds
Number of updated asset objects reloaded before import = 0
Number of asset objects unloaded after import = 27
========================================================================
Received Import Request.
  Time since last request: 2.220326 seconds.
  path: Assets/Building_Generation/BuildingGroundPrefab4x4.prefab
  artifactKey: Guid(2e5e07590575447a19654f2492173617) Importer(815301076,1909f56bfc062723c751e8b465ee728b)
Start importing Assets/Building_Generation/BuildingGroundPrefab4x4.prefab using Guid(2e5e07590575447a19654f2492173617) Importer(815301076,1909f56bfc062723c751e8b465ee728b)  -> (artifact id: 'ae25baa57a81c07692872d3b688014e6') in 0.005967 seconds
Number of updated asset objects reloaded before import = 0
Number of asset objects unloaded after import = 27
========================================================================
Received Import Request.
  Time since last request: 3.023124 seconds.
  path: Assets/Building_Generation/BuildingGroundPrefab4x4.prefab
  artifactKey: Guid(2e5e07590575447a19654f2492173617) Importer(815301076,1909f56bfc062723c751e8b465ee728b)
Start importing Assets/Building_Generation/BuildingGroundPrefab4x4.prefab using Guid(2e5e07590575447a19654f2492173617) Importer(815301076,1909f56bfc062723c751e8b465ee728b)  -> (artifact id: '4303add13267f1d6ae4ebe43292e2775') in 0.005580 seconds
Number of updated asset objects reloaded before import = 0
Number of asset objects unloaded after import = 27
========================================================================
Received Import Request.
  Time since last request: 4.433526 seconds.
  path: Assets/Building_Generation/BuildingGroundPrefab4x4.prefab
  artifactKey: Guid(2e5e07590575447a19654f2492173617) Importer(815301076,1909f56bfc062723c751e8b465ee728b)
Start importing Assets/Building_Generation/BuildingGroundPrefab4x4.prefab using Guid(2e5e07590575447a19654f2492173617) Importer(815301076,1909f56bfc062723c751e8b465ee728b)  -> (artifact id: 'd7959869fd39659473e8d2f8ff6a7753') in 0.005902 seconds
Number of updated asset objects reloaded before import = 0
Number of asset objects unloaded after import = 27
========================================================================
Received Import Request.
  Time since last request: 3.483666 seconds.
  path: Assets/Building_Generation/BuildingGroundPrefab4x4.prefab
  artifactKey: Guid(2e5e07590575447a19654f2492173617) Importer(815301076,1909f56bfc062723c751e8b465ee728b)
Start importing Assets/Building_Generation/BuildingGroundPrefab4x4.prefab using Guid(2e5e07590575447a19654f2492173617) Importer(815301076,1909f56bfc062723c751e8b465ee728b)  -> (artifact id: '377dc7eb25bd3572b33841e272968add') in 0.006414 seconds
Number of updated asset objects reloaded before import = 0
Number of asset objects unloaded after import = 28
========================================================================
Received Import Request.
  Time since last request: 96.322471 seconds.
  path: Assets/Building_Generation/Scripts/BuildingGroundsManagerScript.cs
  artifactKey: Guid(2399b918033f14962af55b13e1674372) Importer(815301076,1909f56bfc062723c751e8b465ee728b)
Start importing Assets/Building_Generation/Scripts/BuildingGroundsManagerScript.cs using Guid(2399b918033f14962af55b13e1674372) Importer(815301076,1909f56bfc062723c751e8b465ee728b)  -> (artifact id: '98dc0cfb7e3302e86824d0f6df5e8ad5') in 0.000363 seconds
Number of updated asset objects reloaded before import = 0
Number of asset objects unloaded after import = 0
========================================================================
Received Prepare
Begin MonoManager ReloadAssembly
- Loaded All Assemblies, in  0.532 seconds
Refreshing native plugins compatible for Editor in 1.48 ms, found 2 plugins.
Native extension for OSXStandalone target not found
[Package Manager] Server::EnsureServerProcessIsRunning -- launch failed, reason: Unity was launched with the -noUpm command-line argument
[Package Manager] UpmClient::Send -- Unable to send message (not connected to UPM process).
[Package Manager] Cannot connect to Unity Package Manager local server
Mono: successfully reloaded assembly
- Finished resetting the current domain, in  1.176 seconds
Domain Reload Profiling: 1708ms
	BeginReloadAssembly (189ms)
		ExecutionOrderSort (0ms)
		DisableScriptedObjects (8ms)
		BackupInstance (0ms)
		ReleaseScriptingObjects (0ms)
		CreateAndSetChildDomain (65ms)
	RebuildCommonClasses (47ms)
	RebuildNativeTypeToScriptingClass (15ms)
	initialDomainReloadingComplete (30ms)
	LoadAllAssembliesAndSetupDomain (250ms)
		LoadAssemblies (299ms)
		RebuildTransferFunctionScriptingTraits (0ms)
		AnalyzeDomain (31ms)
			TypeCache.Refresh (10ms)
				TypeCache.ScanAssembly (0ms)
			ScanForSourceGeneratedMonoScriptInfo (10ms)
			ResolveRequiredComponents (7ms)
	FinalizeReload (1177ms)
		ReleaseScriptCaches (0ms)
		RebuildScriptCaches (0ms)
		SetupLoadedEditorAssemblies (772ms)
			LogAssemblyErrors (0ms)
			InitializePlatformSupportModulesInManaged (6ms)
			SetLoadedEditorAssemblies (7ms)
			RefreshPlugins (0ms)
			BeforeProcessingInitializeOnLoad (91ms)
			ProcessInitializeOnLoadAttributes (641ms)
			ProcessInitializeOnLoadMethodAttributes (26ms)
			AfterProcessingInitializeOnLoad (2ms)
			EditorAssembliesLoaded (0ms)
		ExecutionOrderSort2 (0ms)
		AwakeInstancesAfterBackupRestoration (5ms)
Refreshing native plugins compatible for Editor in 1.32 ms, found 2 plugins.
Preloading 0 native plugins for Editor in 0.00 ms.
Unloading 3079 Unused Serialized files (Serialized files now loaded: 0)
Unloading 21 unused Assets / (29.8 KB). Loaded Objects now: 3598.
Memory consumption went from 137.0 MB to 137.0 MB.
Total: 3.738752 ms (FindLiveObjects: 0.242561 ms CreateObjectMapping: 0.208863 ms MarkObjects: 3.250276 ms  DeleteObjects: 0.036267 ms)

Prepare: number of updated asset objects reloaded= 0
AssetImportParameters requested are different than current active one (requested -> active):
  custom:scripting/monoscript/fileName/BuildingGeneratorBeaconManagerScript.cs: efe71e84a19fdfe61c387c3a36098247 -> 
  custom:scripting/monoscript/fileName/BuildGroundsManagerScript.cs: 95eb1332c1e115ff6b9cd14766bb33bb -> 
  custom:container-demuxer-ogg: 62fdf1f143b41e24485cea50d1cbac27 -> 
  custom:scripting/monoscript/fileName/BuildingGroundBeaconManagerScript.cs: eeb85064f3806f70266ba97c678eb7b7 -> 3a1acec4718915da98f83a498dcbb400
  custom:video-decoder-ogg-theora: a1e56fd34408186e4bbccfd4996cb3dc -> 
  custom:CustomObjectIndexerAttribute: 756ad292c208cfabdd7b50bc23989ffe -> 
  custom:container-demuxer-webm: 4f35f7cbe854078d1ac9338744f61a02 -> 
  custom:scripting/monoscript/fileName/BuildingGeneratorBuildingScript.cs: 92d09e7300ccfef05c77fbe256fab959 -> 
  custom:container-muxer-webm: aa71ff27fc2769a1b78a27578f13a17b -> 
  custom:video-decoder-webm-vp8: 9c59270c3fd7afecdb556c50c9e8de78 -> 
  custom:SearchIndexIgnoredProperties: e643bd26f0fe6173181afceb89e7c659 -> 
  custom:AudioImporter_EditorPlatform: 3918e3fc78b5a79bad01e8451be0beb8 -> 
  custom:framework-osx-AVFoundation: e770b220cccbd017edd2c1fefb359320 -> 
  custom:video-encoder-webm-vp8: eb34c28f22e8b96e1ab97ce403110664 -> 
  custom:audio-decoder-ogg-vorbis: bf7c407c2cedff20999df2af8eb42d56 -> 
  custom:audio-encoder-webm-vorbis: bf7c407c2cedff20999df2af8eb42d56 -> 
  custom:scripting/monoscript/fileName/BuildingGroundScript.cs: a847d56554e645f7f805d1a1d747e5dd -> dda159bb2a987b8c759f3289fc0df9d6
========================================================================
Received Import Request.
  Time since last request: 493.187033 seconds.
  path: Assets/Building_Generation/BuildingGroundPrefab.prefab
  artifactKey: Guid(0583f70053dc94a65bc15a2caa4f8018) Importer(815301076,1909f56bfc062723c751e8b465ee728b)
Start importing Assets/Building_Generation/BuildingGroundPrefab.prefab using Guid(0583f70053dc94a65bc15a2caa4f8018) Importer(815301076,1909f56bfc062723c751e8b465ee728b)  -> (artifact id: '1200b0cef759e4ef1e8dbbc6f83148d3') in 0.073545 seconds
Number of updated asset objects reloaded before import = 0
Number of asset objects unloaded after import = 13
========================================================================
Received Import Request.
  Time since last request: 273.862818 seconds.
  path: Assets/Building_Generation/BuildingGroundPrefab.prefab
  artifactKey: Guid(0583f70053dc94a65bc15a2caa4f8018) Importer(815301076,1909f56bfc062723c751e8b465ee728b)
Start importing Assets/Building_Generation/BuildingGroundPrefab.prefab using Guid(0583f70053dc94a65bc15a2caa4f8018) Importer(815301076,1909f56bfc062723c751e8b465ee728b)  -> (artifact id: 'b055bfc6144c5a4bb15feec9cd2ec67f') in 0.007340 seconds
Number of updated asset objects reloaded before import = 0
Number of asset objects unloaded after import = 13
========================================================================
Received Prepare
Begin MonoManager ReloadAssembly
- Loaded All Assemblies, in  0.515 seconds
Refreshing native plugins compatible for Editor in 1.31 ms, found 2 plugins.
Native extension for OSXStandalone target not found
[Package Manager] Server::EnsureServerProcessIsRunning -- launch failed, reason: Unity was launched with the -noUpm command-line argument
[Package Manager] UpmClient::Send -- Unable to send message (not connected to UPM process).
[Package Manager] Cannot connect to Unity Package Manager local server
Mono: successfully reloaded assembly
- Finished resetting the current domain, in  1.177 seconds
Domain Reload Profiling: 1692ms
	BeginReloadAssembly (168ms)
		ExecutionOrderSort (0ms)
		DisableScriptedObjects (8ms)
		BackupInstance (0ms)
		ReleaseScriptingObjects (0ms)
		CreateAndSetChildDomain (55ms)
	RebuildCommonClasses (45ms)
	RebuildNativeTypeToScriptingClass (15ms)
	initialDomainReloadingComplete (35ms)
	LoadAllAssembliesAndSetupDomain (251ms)
		LoadAssemblies (288ms)
		RebuildTransferFunctionScriptingTraits (0ms)
		AnalyzeDomain (32ms)
			TypeCache.Refresh (10ms)
				TypeCache.ScanAssembly (0ms)
			ScanForSourceGeneratedMonoScriptInfo (10ms)
			ResolveRequiredComponents (7ms)
	FinalizeReload (1177ms)
		ReleaseScriptCaches (0ms)
		RebuildScriptCaches (0ms)
		SetupLoadedEditorAssemblies (793ms)
			LogAssemblyErrors (0ms)
			InitializePlatformSupportModulesInManaged (6ms)
			SetLoadedEditorAssemblies (6ms)
			RefreshPlugins (0ms)
			BeforeProcessingInitializeOnLoad (93ms)
			ProcessInitializeOnLoadAttributes (659ms)
			ProcessInitializeOnLoadMethodAttributes (27ms)
			AfterProcessingInitializeOnLoad (2ms)
			EditorAssembliesLoaded (0ms)
		ExecutionOrderSort2 (0ms)
		AwakeInstancesAfterBackupRestoration (5ms)
Refreshing native plugins compatible for Editor in 1.47 ms, found 2 plugins.
Preloading 0 native plugins for Editor in 0.00 ms.
Unloading 3079 Unused Serialized files (Serialized files now loaded: 0)
Unloading 21 unused Assets / (29.8 KB). Loaded Objects now: 3601.
Memory consumption went from 147.0 MB to 147.0 MB.
Total: 3.820612 ms (FindLiveObjects: 0.252221 ms CreateObjectMapping: 0.208183 ms MarkObjects: 3.318996 ms  DeleteObjects: 0.040166 ms)

Prepare: number of updated asset objects reloaded= 0
AssetImportParameters requested are different than current active one (requested -> active):
  custom:scripting/monoscript/fileName/BuildingGeneratorBeaconManagerScript.cs: efe71e84a19fdfe61c387c3a36098247 -> 
  custom:scripting/monoscript/fileName/BuildGroundsManagerScript.cs: 95eb1332c1e115ff6b9cd14766bb33bb -> 
  custom:container-demuxer-ogg: 62fdf1f143b41e24485cea50d1cbac27 -> 
  custom:scripting/monoscript/fileName/BuildingGroundBeaconManagerScript.cs: eeb85064f3806f70266ba97c678eb7b7 -> 3a1acec4718915da98f83a498dcbb400
  custom:video-decoder-ogg-theora: a1e56fd34408186e4bbccfd4996cb3dc -> 
  custom:CustomObjectIndexerAttribute: 756ad292c208cfabdd7b50bc23989ffe -> 
  custom:container-demuxer-webm: 4f35f7cbe854078d1ac9338744f61a02 -> 
  custom:scripting/monoscript/fileName/BuildingGeneratorBuildingScript.cs: 92d09e7300ccfef05c77fbe256fab959 -> 
  custom:container-muxer-webm: aa71ff27fc2769a1b78a27578f13a17b -> 
  custom:video-decoder-webm-vp8: 9c59270c3fd7afecdb556c50c9e8de78 -> 
  custom:SearchIndexIgnoredProperties: e643bd26f0fe6173181afceb89e7c659 -> 
  custom:AudioImporter_EditorPlatform: 3918e3fc78b5a79bad01e8451be0beb8 -> 
  custom:framework-osx-AVFoundation: e770b220cccbd017edd2c1fefb359320 -> 
  custom:video-encoder-webm-vp8: eb34c28f22e8b96e1ab97ce403110664 -> 
  custom:audio-decoder-ogg-vorbis: bf7c407c2cedff20999df2af8eb42d56 -> 
  custom:audio-encoder-webm-vorbis: bf7c407c2cedff20999df2af8eb42d56 -> 
  custom:scripting/monoscript/fileName/BuildingGroundScript.cs: a847d56554e645f7f805d1a1d747e5dd -> dda159bb2a987b8c759f3289fc0df9d6
========================================================================
Received Prepare
Begin MonoManager ReloadAssembly
- Loaded All Assemblies, in  0.503 seconds
Refreshing native plugins compatible for Editor in 1.28 ms, found 2 plugins.
Native extension for OSXStandalone target not found
[Package Manager] Server::EnsureServerProcessIsRunning -- launch failed, reason: Unity was launched with the -noUpm command-line argument
[Package Manager] UpmClient::Send -- Unable to send message (not connected to UPM process).
[Package Manager] Cannot connect to Unity Package Manager local server
Mono: successfully reloaded assembly
- Finished resetting the current domain, in  1.171 seconds
Domain Reload Profiling: 1674ms
	BeginReloadAssembly (168ms)
		ExecutionOrderSort (0ms)
		DisableScriptedObjects (9ms)
		BackupInstance (0ms)
		ReleaseScriptingObjects (0ms)
		CreateAndSetChildDomain (55ms)
	RebuildCommonClasses (44ms)
	RebuildNativeTypeToScriptingClass (17ms)
	initialDomainReloadingComplete (32ms)
	LoadAllAssembliesAndSetupDomain (241ms)
		LoadAssemblies (282ms)
		RebuildTransferFunctionScriptingTraits (0ms)
		AnalyzeDomain (28ms)
			TypeCache.Refresh (9ms)
				TypeCache.ScanAssembly (0ms)
			ScanForSourceGeneratedMonoScriptInfo (9ms)
			ResolveRequiredComponents (6ms)
	FinalizeReload (1172ms)
		ReleaseScriptCaches (0ms)
		RebuildScriptCaches (0ms)
		SetupLoadedEditorAssemblies (801ms)
			LogAssemblyErrors (0ms)
			InitializePlatformSupportModulesInManaged (5ms)
			SetLoadedEditorAssemblies (7ms)
			RefreshPlugins (0ms)
			BeforeProcessingInitializeOnLoad (92ms)
			ProcessInitializeOnLoadAttributes (669ms)
			ProcessInitializeOnLoadMethodAttributes (27ms)
			AfterProcessingInitializeOnLoad (1ms)
			EditorAssembliesLoaded (0ms)
		ExecutionOrderSort2 (0ms)
		AwakeInstancesAfterBackupRestoration (5ms)
Refreshing native plugins compatible for Editor in 1.32 ms, found 2 plugins.
Preloading 0 native plugins for Editor in 0.00 ms.
Unloading 3079 Unused Serialized files (Serialized files now loaded: 0)
Unloading 21 unused Assets / (29.8 KB). Loaded Objects now: 3604.
Memory consumption went from 156.7 MB to 156.7 MB.
Total: 3.768615 ms (FindLiveObjects: 0.230474 ms CreateObjectMapping: 0.259684 ms MarkObjects: 3.242909 ms  DeleteObjects: 0.034870 ms)

Prepare: number of updated asset objects reloaded= 0
AssetImportParameters requested are different than current active one (requested -> active):
  custom:scripting/monoscript/fileName/BuildingGeneratorBeaconManagerScript.cs: efe71e84a19fdfe61c387c3a36098247 -> 
  custom:scripting/monoscript/fileName/BuildGroundsManagerScript.cs: 95eb1332c1e115ff6b9cd14766bb33bb -> 
  custom:container-demuxer-ogg: 62fdf1f143b41e24485cea50d1cbac27 -> 
  custom:scripting/monoscript/fileName/BuildingGroundBeaconManagerScript.cs: eeb85064f3806f70266ba97c678eb7b7 -> 3a1acec4718915da98f83a498dcbb400
  custom:video-decoder-ogg-theora: a1e56fd34408186e4bbccfd4996cb3dc -> 
  custom:CustomObjectIndexerAttribute: 756ad292c208cfabdd7b50bc23989ffe -> 
  custom:container-demuxer-webm: 4f35f7cbe854078d1ac9338744f61a02 -> 
  custom:scripting/monoscript/fileName/BuildingGeneratorBuildingScript.cs: 92d09e7300ccfef05c77fbe256fab959 -> 
  custom:container-muxer-webm: aa71ff27fc2769a1b78a27578f13a17b -> 
  custom:video-decoder-webm-vp8: 9c59270c3fd7afecdb556c50c9e8de78 -> 
  custom:SearchIndexIgnoredProperties: e643bd26f0fe6173181afceb89e7c659 -> 
  custom:AudioImporter_EditorPlatform: 3918e3fc78b5a79bad01e8451be0beb8 -> 
  custom:framework-osx-AVFoundation: e770b220cccbd017edd2c1fefb359320 -> 
  custom:video-encoder-webm-vp8: eb34c28f22e8b96e1ab97ce403110664 -> 
  custom:audio-decoder-ogg-vorbis: bf7c407c2cedff20999df2af8eb42d56 -> 
  custom:audio-encoder-webm-vorbis: bf7c407c2cedff20999df2af8eb42d56 -> 
  custom:scripting/monoscript/fileName/BuildingGroundScript.cs: a847d56554e645f7f805d1a1d747e5dd -> dda159bb2a987b8c759f3289fc0df9d6
========================================================================
Received Prepare
Begin MonoManager ReloadAssembly
- Loaded All Assemblies, in  0.538 seconds
Refreshing native plugins compatible for Editor in 1.26 ms, found 2 plugins.
Native extension for OSXStandalone target not found
[Package Manager] Server::EnsureServerProcessIsRunning -- launch failed, reason: Unity was launched with the -noUpm command-line argument
[Package Manager] UpmClient::Send -- Unable to send message (not connected to UPM process).
[Package Manager] Cannot connect to Unity Package Manager local server
Mono: successfully reloaded assembly
- Finished resetting the current domain, in  1.152 seconds
Domain Reload Profiling: 1690ms
	BeginReloadAssembly (169ms)
		ExecutionOrderSort (0ms)
		DisableScriptedObjects (7ms)
		BackupInstance (0ms)
		ReleaseScriptingObjects (0ms)
		CreateAndSetChildDomain (56ms)
	RebuildCommonClasses (45ms)
	RebuildNativeTypeToScriptingClass (15ms)
	initialDomainReloadingComplete (30ms)
	LoadAllAssembliesAndSetupDomain (278ms)
		LoadAssemblies (323ms)
		RebuildTransferFunctionScriptingTraits (0ms)
		AnalyzeDomain (28ms)
			TypeCache.Refresh (9ms)
				TypeCache.ScanAssembly (0ms)
			ScanForSourceGeneratedMonoScriptInfo (9ms)
			ResolveRequiredComponents (6ms)
	FinalizeReload (1152ms)
		ReleaseScriptCaches (0ms)
		RebuildScriptCaches (0ms)
		SetupLoadedEditorAssemblies (778ms)
			LogAssemblyErrors (0ms)
			InitializePlatformSupportModulesInManaged (5ms)
			SetLoadedEditorAssemblies (6ms)
			RefreshPlugins (0ms)
			BeforeProcessingInitializeOnLoad (92ms)
			ProcessInitializeOnLoadAttributes (649ms)
			ProcessInitializeOnLoadMethodAttributes (23ms)
			AfterProcessingInitializeOnLoad (1ms)
			EditorAssembliesLoaded (0ms)
		ExecutionOrderSort2 (0ms)
		AwakeInstancesAfterBackupRestoration (5ms)
Refreshing native plugins compatible for Editor in 1.36 ms, found 2 plugins.
Preloading 0 native plugins for Editor in 0.00 ms.
Unloading 3079 Unused Serialized files (Serialized files now loaded: 0)
Unloading 21 unused Assets / (29.7 KB). Loaded Objects now: 3607.
Memory consumption went from 166.4 MB to 166.3 MB.
Total: 4.105520 ms (FindLiveObjects: 0.244609 ms CreateObjectMapping: 0.224253 ms MarkObjects: 3.591497 ms  DeleteObjects: 0.044310 ms)

Prepare: number of updated asset objects reloaded= 0
AssetImportParameters requested are different than current active one (requested -> active):
  custom:scripting/monoscript/fileName/BuildingGeneratorBeaconManagerScript.cs: efe71e84a19fdfe61c387c3a36098247 -> 
  custom:scripting/monoscript/fileName/BuildGroundsManagerScript.cs: 95eb1332c1e115ff6b9cd14766bb33bb -> 
  custom:container-demuxer-ogg: 62fdf1f143b41e24485cea50d1cbac27 -> 
  custom:scripting/monoscript/fileName/BuildingGroundBeaconManagerScript.cs: eeb85064f3806f70266ba97c678eb7b7 -> 3a1acec4718915da98f83a498dcbb400
  custom:video-decoder-ogg-theora: a1e56fd34408186e4bbccfd4996cb3dc -> 
  custom:CustomObjectIndexerAttribute: 756ad292c208cfabdd7b50bc23989ffe -> 
  custom:container-demuxer-webm: 4f35f7cbe854078d1ac9338744f61a02 -> 
  custom:scripting/monoscript/fileName/BuildingGeneratorBuildingScript.cs: 92d09e7300ccfef05c77fbe256fab959 -> 
  custom:container-muxer-webm: aa71ff27fc2769a1b78a27578f13a17b -> 
  custom:video-decoder-webm-vp8: 9c59270c3fd7afecdb556c50c9e8de78 -> 
  custom:SearchIndexIgnoredProperties: e643bd26f0fe6173181afceb89e7c659 -> 
  custom:AudioImporter_EditorPlatform: 3918e3fc78b5a79bad01e8451be0beb8 -> 
  custom:framework-osx-AVFoundation: e770b220cccbd017edd2c1fefb359320 -> 
  custom:video-encoder-webm-vp8: eb34c28f22e8b96e1ab97ce403110664 -> 
  custom:audio-decoder-ogg-vorbis: bf7c407c2cedff20999df2af8eb42d56 -> 
  custom:audio-encoder-webm-vorbis: bf7c407c2cedff20999df2af8eb42d56 -> 
  custom:scripting/monoscript/fileName/BuildingGroundScript.cs: a847d56554e645f7f805d1a1d747e5dd -> dda159bb2a987b8c759f3289fc0df9d6
2024-01-09 00:29:33.218 Unity[16513:960281] HIToolbox: received notification of WindowServer event port death.
2024-01-09 00:29:33.218 Unity[16513:960281] port matched the WindowServer port created in BindCGSToRunLoop
